<?xml version="1.0" encoding="UTF-8"?>
<!-- Generated by org.testng.reporters.JUnitXMLReporter -->
<testsuite hostname="prasanna-Latitude-3560" ignored="1" name="Default test" tests="1" failures="0" timestamp="18 Nov 2017 09:01:23 GMT" time="9.184" errors="0">
  <testcase name="homePageSubHeader_BuyerProtectionLinkTest" time="6.291" classname="Augusta.code.test.TestHomePage.Header_SubHeaderSectionTest"/>
  <testcase name="homePageSubHeader_BuyerProtectionTest" time="0.0" classname="Augusta.code.test.TestHomePage.Header_SubHeaderSectionTest">
    <ignored/>
  </testcase> <!-- homePageSubHeader_BuyerProtectionTest -->
</testsuite> <!-- Default test -->
