<?xml version="1.0" encoding="UTF-8"?>
<!-- Generated by org.testng.reporters.JUnitXMLReporter -->
<testsuite hostname="prasanna-Latitude-3560" ignored="2" name="Home Page Test" tests="6" failures="0" timestamp="18 Nov 2017 10:14:25 GMT" time="26.347" errors="0">
  <testcase name="test2" time="4.435" classname="Augusta.code.test.TestHomePage.MenClothingPageTest"/>
  <testcase name="homePageSubHeader_BuyerProtectionLinkTest" time="4.624" classname="Augusta.code.test.TestHomePage.Header_SubHeaderSectionTest"/>
  <testcase name="homePageSubHeader_BuyerProtectionTest" time="1.551" classname="Augusta.code.test.TestHomePage.Header_SubHeaderSectionTest"/>
  <testcase name="homePageHeader_LogoBottomTextTest" time="7.668" classname="Augusta.code.test.TestHomePage.Header_LogoSectionTest"/>
  <testcase name="homePageHeader_LogoDisplayTest" time="1.566" classname="Augusta.code.test.TestHomePage.Header_LogoSectionTest"/>
  <testcase name="homePageHeader_LogoURLStatusTest" time="2.666" classname="Augusta.code.test.TestHomePage.Header_LogoSectionTest"/>
  <testcase name="@BeforeSuite setUp1" time="0.0" classname="operation.ReportGenerationBaseClass">
    <ignored/>
  </testcase> <!-- @BeforeSuite setUp1 -->
  <testcase name="@AfterSuite tearDown" time="0.0" classname="operation.ReportGenerationBaseClass">
    <ignored/>
  </testcase> <!-- @AfterSuite tearDown -->
</testsuite> <!-- Home Page Test -->
